This file contains any messages produced by compilers while
running configure, to aid debugging if configure makes a mistake.

It was created by try_grid configure 0.1, which was
generated by GNU Autoconf 2.69.  Invocation command line was

  $ /home/aditya/development/training/try_grid/configure --enable-maintainer-mode CFLAGS=-g -O0 CXXFLAGS=-g -O0 JFLAGS=-g -O0 FFLAGS=-g -O0

## --------- ##
## Platform. ##
## --------- ##

hostname = aditya-HP-Pavilion-dv6-Notebook-PC
uname -m = x86_64
uname -r = 3.5.0-19-generic
uname -s = Linux
uname -v = #30-Ubuntu SMP Tue Nov 13 17:48:01 UTC 2012

/usr/bin/uname -p = unknown
/bin/uname -X     = unknown

/bin/arch              = unknown
/usr/bin/arch -k       = unknown
/usr/convex/getsysinfo = unknown
/usr/bin/hostinfo      = unknown
/bin/machine           = unknown
/usr/bin/oslevel       = unknown
/bin/universe          = unknown

PATH: /usr/lib/lightdm/lightdm
PATH: /usr/local/sbin
PATH: /usr/local/bin
PATH: /usr/sbin
PATH: /usr/bin
PATH: /sbin
PATH: /bin
PATH: /usr/games
PATH: /usr/local/games


## ----------- ##
## Core tests. ##
## ----------- ##

configure:2313: checking for a BSD-compatible install
configure:2381: result: /usr/bin/install -c
configure:2392: checking whether build environment is sane
configure:2442: result: yes
configure:2583: checking for a thread-safe mkdir -p
configure:2622: result: /bin/mkdir -p
configure:2635: checking for gawk
configure:2665: result: no
configure:2635: checking for mawk
configure:2651: found /usr/bin/mawk
configure:2662: result: mawk
configure:2673: checking whether make sets $(MAKE)
configure:2695: result: yes
configure:2787: checking whether make supports nested variables
configure:2804: result: yes
configure:2864: checking for gcc
configure:2880: found /usr/bin/gcc
configure:2891: result: gcc
configure:3120: checking for C compiler version
configure:3129: gcc --version >&5
gcc-4.7.real (Ubuntu/Linaro 4.7.2-2ubuntu1) 4.7.2
Copyright (C) 2012 Free Software Foundation, Inc.
This is free software; see the source for copying conditions.  There is NO
warranty; not even for MERCHANTABILITY or FITNESS FOR A PARTICULAR PURPOSE.

configure:3140: $? = 0
configure:3129: gcc -v >&5
Using built-in specs.
COLLECT_GCC=/usr/bin/gcc-4.7.real
COLLECT_LTO_WRAPPER=/usr/lib/gcc/x86_64-linux-gnu/4.7/lto-wrapper
Target: x86_64-linux-gnu
Configured with: ../src/configure -v --with-pkgversion='Ubuntu/Linaro 4.7.2-2ubuntu1' --with-bugurl=file:///usr/share/doc/gcc-4.7/README.Bugs --enable-languages=c,c++,go,fortran,objc,obj-c++ --prefix=/usr --program-suffix=-4.7 --enable-shared --enable-linker-build-id --with-system-zlib --libexecdir=/usr/lib --without-included-gettext --enable-threads=posix --with-gxx-include-dir=/usr/include/c++/4.7 --libdir=/usr/lib --enable-nls --with-sysroot=/ --enable-clocale=gnu --enable-libstdcxx-debug --enable-libstdcxx-time=yes --enable-gnu-unique-object --enable-plugin --enable-objc-gc --disable-werror --with-arch-32=i686 --with-tune=generic --enable-checking=release --build=x86_64-linux-gnu --host=x86_64-linux-gnu --target=x86_64-linux-gnu
Thread model: posix
gcc version 4.7.2 (Ubuntu/Linaro 4.7.2-2ubuntu1) 
configure:3140: $? = 0
configure:3129: gcc -V >&5
gcc-4.7.real: error: unrecognized command line option '-V'
gcc-4.7.real: fatal error: no input files
compilation terminated.
configure:3140: $? = 4
configure:3129: gcc -qversion >&5
gcc-4.7.real: error: unrecognized command line option '-qversion'
gcc-4.7.real: fatal error: no input files
compilation terminated.
configure:3140: $? = 4
configure:3160: checking whether the C compiler works
configure:3182: gcc -g -O0   conftest.c  >&5
configure:3186: $? = 0
configure:3234: result: yes
configure:3237: checking for C compiler default output file name
configure:3239: result: a.out
configure:3245: checking for suffix of executables
configure:3252: gcc -o conftest -g -O0   conftest.c  >&5
configure:3256: $? = 0
configure:3278: result: 
configure:3300: checking whether we are cross compiling
configure:3308: gcc -o conftest -g -O0   conftest.c  >&5
configure:3312: $? = 0
configure:3319: ./conftest
configure:3323: $? = 0
configure:3338: result: no
configure:3343: checking for suffix of object files
configure:3365: gcc -c -g -O0  conftest.c >&5
configure:3369: $? = 0
configure:3390: result: o
configure:3394: checking whether we are using the GNU C compiler
configure:3413: gcc -c -g -O0  conftest.c >&5
configure:3413: $? = 0
configure:3422: result: yes
configure:3431: checking whether gcc accepts -g
configure:3451: gcc -c -g  conftest.c >&5
configure:3451: $? = 0
configure:3492: result: yes
configure:3509: checking for gcc option to accept ISO C89
configure:3572: gcc  -c -g -O0  conftest.c >&5
configure:3572: $? = 0
configure:3585: result: none needed
configure:3616: checking for style of include used by make
configure:3644: result: GNU
configure:3670: checking dependency style of gcc
configure:3781: result: gcc3
configure:3801: checking whether NLS is requested
configure:3810: result: yes
configure:3829: checking for intltool >= 0.35.0
configure:3831: result: 0.50.2 found
configure:3839: checking for intltool-update
configure:3857: found /usr/bin/intltool-update
configure:3869: result: /usr/bin/intltool-update
configure:3879: checking for intltool-merge
configure:3897: found /usr/bin/intltool-merge
configure:3909: result: /usr/bin/intltool-merge
configure:3919: checking for intltool-extract
configure:3937: found /usr/bin/intltool-extract
configure:3949: result: /usr/bin/intltool-extract
configure:4103: checking for xgettext
configure:4121: found /usr/bin/xgettext
configure:4133: result: /usr/bin/xgettext
configure:4143: checking for msgmerge
configure:4161: found /usr/bin/msgmerge
configure:4173: result: /usr/bin/msgmerge
configure:4183: checking for msgfmt
configure:4201: found /usr/bin/msgfmt
configure:4213: result: /usr/bin/msgfmt
configure:4223: checking for gmsgfmt
configure:4254: result: /usr/bin/msgfmt
configure:4274: checking for perl
configure:4292: found /usr/bin/perl
configure:4304: result: /usr/bin/perl
configure:4315: checking for perl >= 5.8.1
configure:4322: result: 5.14.2
configure:4326: checking for XML::Parser
configure:4329: result: ok
configure:4354: gcc -o conftest -g -O0   conftest.c  >&5
configure:4354: $? = 0
configure:4394: checking how to run the C preprocessor
configure:4425: gcc -E  conftest.c
configure:4425: $? = 0
configure:4439: gcc -E  conftest.c
conftest.c:12:28: fatal error: ac_nonexistent.h: No such file or directory
compilation terminated.
configure:4439: $? = 1
configure: failed program was:
| /* confdefs.h */
| #define PACKAGE_NAME "try_grid"
| #define PACKAGE_TARNAME "try_grid"
| #define PACKAGE_VERSION "0.1"
| #define PACKAGE_STRING "try_grid 0.1"
| #define PACKAGE_BUGREPORT ""
| #define PACKAGE_URL ""
| #define PACKAGE "try_grid"
| #define VERSION "0.1"
| #define GETTEXT_PACKAGE "try_grid"
| /* end confdefs.h.  */
| #include <ac_nonexistent.h>
configure:4464: result: gcc -E
configure:4484: gcc -E  conftest.c
configure:4484: $? = 0
configure:4498: gcc -E  conftest.c
conftest.c:12:28: fatal error: ac_nonexistent.h: No such file or directory
compilation terminated.
configure:4498: $? = 1
configure: failed program was:
| /* confdefs.h */
| #define PACKAGE_NAME "try_grid"
| #define PACKAGE_TARNAME "try_grid"
| #define PACKAGE_VERSION "0.1"
| #define PACKAGE_STRING "try_grid 0.1"
| #define PACKAGE_BUGREPORT ""
| #define PACKAGE_URL ""
| #define PACKAGE "try_grid"
| #define VERSION "0.1"
| #define GETTEXT_PACKAGE "try_grid"
| /* end confdefs.h.  */
| #include <ac_nonexistent.h>
configure:4527: checking for grep that handles long lines and -e
configure:4585: result: /bin/grep
configure:4590: checking for egrep
configure:4652: result: /bin/grep -E
configure:4657: checking for ANSI C header files
configure:4677: gcc -c -g -O0  conftest.c >&5
configure:4677: $? = 0
configure:4750: gcc -o conftest -g -O0   conftest.c  >&5
configure:4750: $? = 0
configure:4750: ./conftest
configure:4750: $? = 0
configure:4761: result: yes
configure:4774: checking for sys/types.h
configure:4774: gcc -c -g -O0  conftest.c >&5
configure:4774: $? = 0
configure:4774: result: yes
configure:4774: checking for sys/stat.h
configure:4774: gcc -c -g -O0  conftest.c >&5
configure:4774: $? = 0
configure:4774: result: yes
configure:4774: checking for stdlib.h
configure:4774: gcc -c -g -O0  conftest.c >&5
configure:4774: $? = 0
configure:4774: result: yes
configure:4774: checking for string.h
configure:4774: gcc -c -g -O0  conftest.c >&5
configure:4774: $? = 0
configure:4774: result: yes
configure:4774: checking for memory.h
configure:4774: gcc -c -g -O0  conftest.c >&5
configure:4774: $? = 0
configure:4774: result: yes
configure:4774: checking for strings.h
configure:4774: gcc -c -g -O0  conftest.c >&5
configure:4774: $? = 0
configure:4774: result: yes
configure:4774: checking for inttypes.h
configure:4774: gcc -c -g -O0  conftest.c >&5
configure:4774: $? = 0
configure:4774: result: yes
configure:4774: checking for stdint.h
configure:4774: gcc -c -g -O0  conftest.c >&5
configure:4774: $? = 0
configure:4774: result: yes
configure:4774: checking for unistd.h
configure:4774: gcc -c -g -O0  conftest.c >&5
configure:4774: $? = 0
configure:4774: result: yes
configure:4789: checking locale.h usability
configure:4789: gcc -c -g -O0  conftest.c >&5
configure:4789: $? = 0
configure:4789: result: yes
configure:4789: checking locale.h presence
configure:4789: gcc -E  conftest.c
configure:4789: $? = 0
configure:4789: result: yes
configure:4789: checking for locale.h
configure:4789: result: yes
configure:4800: checking for LC_MESSAGES
configure:4816: gcc -o conftest -g -O0   conftest.c  >&5
configure:4816: $? = 0
configure:4824: result: yes
configure:4841: checking libintl.h usability
configure:4841: gcc -c -g -O0  conftest.c >&5
configure:4841: $? = 0
configure:4841: result: yes
configure:4841: checking libintl.h presence
configure:4841: gcc -E  conftest.c
configure:4841: $? = 0
configure:4841: result: yes
configure:4841: checking for libintl.h
configure:4841: result: yes
configure:4849: checking for ngettext in libc
configure:4867: gcc -o conftest -g -O0   conftest.c  >&5
configure:4867: $? = 0
configure:4876: result: yes
configure:4880: checking for dgettext in libc
configure:4898: gcc -o conftest -g -O0   conftest.c  >&5
configure:4898: $? = 0
configure:4907: result: yes
configure:4914: checking for bind_textdomain_codeset
configure:4914: gcc -o conftest -g -O0   conftest.c  >&5
configure:4914: $? = 0
configure:4914: result: yes
configure:5190: checking for msgfmt
configure:5217: result: /usr/bin/msgfmt
configure:5228: checking for dcgettext
configure:5228: gcc -o conftest -g -O0   conftest.c   >&5
conftest.c:49:6: warning: conflicting types for built-in function 'dcgettext' [enabled by default]
configure:5228: $? = 0
configure:5228: result: yes
configure:5238: checking if msgfmt accepts -c
configure:5253: $MSGFMT -c -o /dev/null conftest.foo
configure:5256: $? = 0
configure:5258: result: yes
configure:5268: checking for gmsgfmt
configure:5299: result: /usr/bin/msgfmt
configure:5309: checking for xgettext
configure:5336: result: /usr/bin/xgettext
configure:5355: gcc -o conftest -g -O0   conftest.c   >&5
configure:5355: $? = 0
configure:5526: checking build system type
configure:5540: result: x86_64-unknown-linux-gnu
configure:5560: checking host system type
configure:5573: result: x86_64-unknown-linux-gnu
configure:5614: checking how to print strings
configure:5641: result: printf
configure:5662: checking for a sed that does not truncate output
configure:5726: result: /bin/sed
configure:5744: checking for fgrep
configure:5806: result: /bin/grep -F
configure:5841: checking for ld used by gcc
configure:5908: result: /usr/bin/ld
configure:5915: checking if the linker (/usr/bin/ld) is GNU ld
configure:5930: result: yes
configure:5942: checking for BSD- or MS-compatible name lister (nm)
configure:5991: result: /usr/bin/nm -B
configure:6121: checking the name lister (/usr/bin/nm -B) interface
configure:6128: gcc -c -g -O0  conftest.c >&5
configure:6131: /usr/bin/nm -B "conftest.o"
configure:6134: output
0000000000000000 B some_variable
configure:6141: result: BSD nm
configure:6144: checking whether ln -s works
configure:6148: result: yes
configure:6156: checking the maximum length of command line arguments
configure:6286: result: 1572864
configure:6303: checking whether the shell understands some XSI constructs
configure:6313: result: yes
configure:6317: checking whether the shell understands "+="
configure:6323: result: yes
configure:6358: checking how to convert x86_64-unknown-linux-gnu file names to x86_64-unknown-linux-gnu format
configure:6398: result: func_convert_file_noop
configure:6405: checking how to convert x86_64-unknown-linux-gnu file names to toolchain format
configure:6425: result: func_convert_file_noop
configure:6432: checking for /usr/bin/ld option to reload object files
configure:6439: result: -r
configure:6513: checking for objdump
configure:6529: found /usr/bin/objdump
configure:6540: result: objdump
configure:6572: checking how to recognize dependent libraries
configure:6774: result: pass_all
configure:6859: checking for dlltool
configure:6889: result: no
configure:6919: checking how to associate runtime and link libraries
configure:6946: result: printf %s\n
configure:7006: checking for ar
configure:7022: found /usr/bin/ar
configure:7033: result: ar
configure:7070: checking for archiver @FILE support
configure:7087: gcc -c -g -O0  conftest.c >&5
configure:7087: $? = 0
configure:7090: ar cru libconftest.a @conftest.lst >&5
configure:7093: $? = 0
configure:7098: ar cru libconftest.a @conftest.lst >&5
ar: conftest.o: No such file or directory
configure:7101: $? = 1
configure:7113: result: @
configure:7171: checking for strip
configure:7187: found /usr/bin/strip
configure:7198: result: strip
configure:7270: checking for ranlib
configure:7286: found /usr/bin/ranlib
configure:7297: result: ranlib
configure:7399: checking command to parse /usr/bin/nm -B output from gcc object
configure:7519: gcc -c -g -O0  conftest.c >&5
configure:7522: $? = 0
configure:7526: /usr/bin/nm -B conftest.o \| sed -n -e 's/^.*[ ]\([ABCDGIRSTW][ABCDGIRSTW]*\)[ ][ ]*\([_A-Za-z][_A-Za-z0-9]*\)$/\1 \2 \2/p' | sed '/ __gnu_lto/d' \> conftest.nm
configure:7529: $? = 0
configure:7595: gcc -o conftest -g -O0   conftest.c conftstm.o >&5
configure:7598: $? = 0
configure:7636: result: ok
configure:7673: checking for sysroot
configure:7703: result: no
configure:7780: gcc -c -g -O0  conftest.c >&5
configure:7783: $? = 0
configure:7959: checking for mt
configure:7975: found /bin/mt
configure:7986: result: mt
configure:8009: checking if mt is a manifest tool
configure:8015: mt '-?'
configure:8023: result: no
configure:8662: checking for dlfcn.h
configure:8662: gcc -c -g -O0  conftest.c >&5
configure:8662: $? = 0
configure:8662: result: yes
configure:8868: checking for objdir
configure:8883: result: .libs
configure:9150: checking if gcc supports -fno-rtti -fno-exceptions
configure:9168: gcc -c -g -O0  -fno-rtti -fno-exceptions conftest.c >&5
cc1: warning: command line option '-fno-rtti' is valid for C++/ObjC++ but not for C [enabled by default]
configure:9172: $? = 0
configure:9185: result: no
configure:9512: checking for gcc option to produce PIC
configure:9519: result: -fPIC -DPIC
configure:9527: checking if gcc PIC flag -fPIC -DPIC works
configure:9545: gcc -c -g -O0  -fPIC -DPIC -DPIC conftest.c >&5
configure:9549: $? = 0
configure:9562: result: yes
configure:9591: checking if gcc static flag -static works
configure:9619: result: yes
configure:9634: checking if gcc supports -c -o file.o
configure:9655: gcc -c -g -O0  -o out/conftest2.o conftest.c >&5
configure:9659: $? = 0
configure:9681: result: yes
configure:9689: checking if gcc supports -c -o file.o
configure:9736: result: yes
configure:9769: checking whether the gcc linker (/usr/bin/ld -m elf_x86_64) supports shared libraries
configure:10926: result: yes
configure:10963: checking whether -lc should be explicitly linked in
configure:10971: gcc -c -g -O0  conftest.c >&5
configure:10974: $? = 0
configure:10989: gcc -shared  -fPIC -DPIC conftest.o  -v -Wl,-soname -Wl,conftest -o conftest 2\>\&1 \| /bin/grep  -lc  \>/dev/null 2\>\&1
configure:10992: $? = 0
configure:11006: result: no
configure:11166: checking dynamic linker characteristics
configure:11677: gcc -o conftest -g -O0   -Wl,-rpath -Wl,/foo conftest.c  >&5
configure:11677: $? = 0
configure:11911: result: GNU/Linux ld.so
configure:12018: checking how to hardcode library paths into programs
configure:12043: result: immediate
configure:12583: checking whether stripping libraries is possible
configure:12588: result: yes
configure:12623: checking if libtool supports shared libraries
configure:12625: result: yes
configure:12628: checking whether to build shared libraries
configure:12649: result: yes
configure:12652: checking whether to build static libraries
configure:12656: result: yes
configure:12750: checking for pkg-config
configure:12768: found /usr/bin/pkg-config
configure:12780: result: /usr/bin/pkg-config
configure:12805: checking pkg-config is at least version 0.9.0
configure:12808: result: yes
configure:12818: checking for TRY_GRID
configure:12825: $PKG_CONFIG --exists --print-errors "gtk+-3.0 "
configure:12828: $? = 0
configure:12842: $PKG_CONFIG --exists --print-errors "gtk+-3.0 "
configure:12845: $? = 0
configure:12903: result: yes
configure:13047: creating ./config.status

## ---------------------- ##
## Running config.status. ##
## ---------------------- ##

This file was extended by try_grid config.status 0.1, which was
generated by GNU Autoconf 2.69.  Invocation command line was

  CONFIG_FILES    = 
  CONFIG_HEADERS  = 
  CONFIG_LINKS    = 
  CONFIG_COMMANDS = 
  $ ./config.status 

on aditya-HP-Pavilion-dv6-Notebook-PC

config.status:1166: creating Makefile
config.status:1166: creating src/Makefile
config.status:1166: creating po/Makefile.in
config.status:1166: creating config.h
config.status:1380: executing depfiles commands
config.status:1380: executing default-1 commands
config.status:1380: executing libtool commands
config.status:1380: executing po/stamp-it commands
configure:15297: WARNING: unrecognized options: --enable-maintainer-mode

## ---------------- ##
## Cache variables. ##
## ---------------- ##

ac_cv_build=x86_64-unknown-linux-gnu
ac_cv_c_compiler_gnu=yes
ac_cv_env_CC_set=
ac_cv_env_CC_value=
ac_cv_env_CFLAGS_set=set
ac_cv_env_CFLAGS_value='-g -O0'
ac_cv_env_CPPFLAGS_set=
ac_cv_env_CPPFLAGS_value=
ac_cv_env_CPP_set=
ac_cv_env_CPP_value=
ac_cv_env_LDFLAGS_set=
ac_cv_env_LDFLAGS_value=
ac_cv_env_LIBS_set=
ac_cv_env_LIBS_value=
ac_cv_env_PKG_CONFIG_LIBDIR_set=
ac_cv_env_PKG_CONFIG_LIBDIR_value=
ac_cv_env_PKG_CONFIG_PATH_set=
ac_cv_env_PKG_CONFIG_PATH_value=
ac_cv_env_PKG_CONFIG_set=
ac_cv_env_PKG_CONFIG_value=
ac_cv_env_TRY_GRID_CFLAGS_set=
ac_cv_env_TRY_GRID_CFLAGS_value=
ac_cv_env_TRY_GRID_LIBS_set=
ac_cv_env_TRY_GRID_LIBS_value=
ac_cv_env_build_alias_set=
ac_cv_env_build_alias_value=
ac_cv_env_host_alias_set=
ac_cv_env_host_alias_value=
ac_cv_env_target_alias_set=
ac_cv_env_target_alias_value=
ac_cv_func_bind_textdomain_codeset=yes
ac_cv_func_dcgettext=yes
ac_cv_header_dlfcn_h=yes
ac_cv_header_inttypes_h=yes
ac_cv_header_libintl_h=yes
ac_cv_header_locale_h=yes
ac_cv_header_memory_h=yes
ac_cv_header_stdc=yes
ac_cv_header_stdint_h=yes
ac_cv_header_stdlib_h=yes
ac_cv_header_string_h=yes
ac_cv_header_strings_h=yes
ac_cv_header_sys_stat_h=yes
ac_cv_header_sys_types_h=yes
ac_cv_header_unistd_h=yes
ac_cv_host=x86_64-unknown-linux-gnu
ac_cv_objext=o
ac_cv_path_EGREP='/bin/grep -E'
ac_cv_path_FGREP='/bin/grep -F'
ac_cv_path_GMSGFMT=/usr/bin/msgfmt
ac_cv_path_GREP=/bin/grep
ac_cv_path_INTLTOOL_EXTRACT=/usr/bin/intltool-extract
ac_cv_path_INTLTOOL_MERGE=/usr/bin/intltool-merge
ac_cv_path_INTLTOOL_PERL=/usr/bin/perl
ac_cv_path_INTLTOOL_UPDATE=/usr/bin/intltool-update
ac_cv_path_MSGFMT=/usr/bin/msgfmt
ac_cv_path_MSGMERGE=/usr/bin/msgmerge
ac_cv_path_SED=/bin/sed
ac_cv_path_XGETTEXT=/usr/bin/xgettext
ac_cv_path_ac_pt_PKG_CONFIG=/usr/bin/pkg-config
ac_cv_path_install='/usr/bin/install -c'
ac_cv_path_mkdir=/bin/mkdir
ac_cv_prog_AWK=mawk
ac_cv_prog_CPP='gcc -E'
ac_cv_prog_ac_ct_AR=ar
ac_cv_prog_ac_ct_CC=gcc
ac_cv_prog_ac_ct_MANIFEST_TOOL=mt
ac_cv_prog_ac_ct_OBJDUMP=objdump
ac_cv_prog_ac_ct_RANLIB=ranlib
ac_cv_prog_ac_ct_STRIP=strip
ac_cv_prog_cc_c89=
ac_cv_prog_cc_g=yes
ac_cv_prog_make_make_set=yes
am_cv_CC_dependencies_compiler_type=gcc3
am_cv_make_support_nested_variables=yes
am_cv_val_LC_MESSAGES=yes
gt_cv_func_dgettext_libc=yes
gt_cv_func_dgettext_libintl=no
gt_cv_func_ngettext_libc=yes
gt_cv_have_gettext=yes
lt_cv_ar_at_file=@
lt_cv_archive_cmds_need_lc=no
lt_cv_deplibs_check_method=pass_all
lt_cv_file_magic_cmd='$MAGIC_CMD'
lt_cv_file_magic_test_file=
lt_cv_ld_reload_flag=-r
lt_cv_nm_interface='BSD nm'
lt_cv_objdir=.libs
lt_cv_path_LD=/usr/bin/ld
lt_cv_path_NM='/usr/bin/nm -B'
lt_cv_path_mainfest_tool=no
lt_cv_prog_compiler_c_o=yes
lt_cv_prog_compiler_pic='-fPIC -DPIC'
lt_cv_prog_compiler_pic_works=yes
lt_cv_prog_compiler_rtti_exceptions=no
lt_cv_prog_compiler_static_works=yes
lt_cv_prog_gnu_ld=yes
lt_cv_sharedlib_from_linklib_cmd='printf %s\n'
lt_cv_shlibpath_overrides_runpath=no
lt_cv_sys_global_symbol_pipe='sed -n -e '\''s/^.*[	 ]\([ABCDGIRSTW][ABCDGIRSTW]*\)[	 ][	 ]*\([_A-Za-z][_A-Za-z0-9]*\)$/\1 \2 \2/p'\'' | sed '\''/ __gnu_lto/d'\'''
lt_cv_sys_global_symbol_to_c_name_address='sed -n -e '\''s/^: \([^ ]*\)[ ]*$/  {\"\1\", (void *) 0},/p'\'' -e '\''s/^[ABCDGIRSTW]* \([^ ]*\) \([^ ]*\)$/  {"\2", (void *) \&\2},/p'\'''
lt_cv_sys_global_symbol_to_c_name_address_lib_prefix='sed -n -e '\''s/^: \([^ ]*\)[ ]*$/  {\"\1\", (void *) 0},/p'\'' -e '\''s/^[ABCDGIRSTW]* \([^ ]*\) \(lib[^ ]*\)$/  {"\2", (void *) \&\2},/p'\'' -e '\''s/^[ABCDGIRSTW]* \([^ ]*\) \([^ ]*\)$/  {"lib\2", (void *) \&\2},/p'\'''
lt_cv_sys_global_symbol_to_cdecl='sed -n -e '\''s/^T .* \(.*\)$/extern int \1();/p'\'' -e '\''s/^[ABCDGIRSTW]* .* \(.*\)$/extern char \1;/p'\'''
lt_cv_sys_max_cmd_len=1572864
lt_cv_to_host_file_cmd=func_convert_file_noop
lt_cv_to_tool_file_cmd=func_convert_file_noop
pkg_cv_TRY_GRID_CFLAGS='-pthread -I/usr/include/gtk-3.0 -I/usr/include/atk-1.0 -I/usr/include/at-spi2-atk/2.0 -I/usr/include/pango-1.0 -I/usr/include/gio-unix-2.0/ -I/usr/include/cairo -I/usr/include/gdk-pixbuf-2.0 -I/usr/include/glib-2.0 -I/usr/lib/x86_64-linux-gnu/glib-2.0/include -I/usr/include/freetype2 -I/usr/include/pixman-1 -I/usr/include/libpng12  '
pkg_cv_TRY_GRID_LIBS='-lgtk-3 -lgdk-3 -latk-1.0 -lgio-2.0 -lpangocairo-1.0 -lgdk_pixbuf-2.0 -lcairo-gobject -lpango-1.0 -lcairo -lgobject-2.0 -lglib-2.0  '

## ----------------- ##
## Output variables. ##
## ----------------- ##

ACLOCAL='${SHELL} /home/aditya/development/training/try_grid/missing --run aclocal-1.11'
ALL_LINGUAS=''
AMDEPBACKSLASH='\'
AMDEP_FALSE='#'
AMDEP_TRUE=''
AMTAR='$${TAR-tar}'
AM_BACKSLASH='\'
AM_DEFAULT_V='$(AM_DEFAULT_VERBOSITY)'
AM_DEFAULT_VERBOSITY='0'
AM_V='$(V)'
AR='ar'
AUTOCONF='${SHELL} /home/aditya/development/training/try_grid/missing --run autoconf'
AUTOHEADER='${SHELL} /home/aditya/development/training/try_grid/missing --run autoheader'
AUTOMAKE='${SHELL} /home/aditya/development/training/try_grid/missing --run automake-1.11'
AWK='mawk'
CATALOGS=''
CATOBJEXT='.gmo'
CC='gcc'
CCDEPMODE='depmode=gcc3'
CFLAGS='-g -O0'
CPP='gcc -E'
CPPFLAGS=''
CYGPATH_W='echo'
DATADIRNAME='share'
DEFS='-DHAVE_CONFIG_H'
DEPDIR='.deps'
DLLTOOL='false'
DSYMUTIL=''
DUMPBIN=''
ECHO_C=''
ECHO_N='-n'
ECHO_T=''
EGREP='/bin/grep -E'
EXEEXT=''
FGREP='/bin/grep -F'
GETTEXT_PACKAGE='try_grid'
GMOFILES=''
GMSGFMT='/usr/bin/msgfmt'
GREP='/bin/grep'
INSTALL_DATA='${INSTALL} -m 644'
INSTALL_PROGRAM='${INSTALL}'
INSTALL_SCRIPT='${INSTALL}'
INSTALL_STRIP_PROGRAM='$(install_sh) -c -s'
INSTOBJEXT='.mo'
INTLLIBS=''
INTLTOOL_CAVES_RULE='%.caves:     %.caves.in     $(INTLTOOL_MERGE) $(wildcard $(top_srcdir)/po/*.po) ; $(INTLTOOL_V_MERGE)LC_ALL=C $(INTLTOOL_MERGE) $(INTLTOOL_V_MERGE_OPTIONS) -d -u -c $(top_builddir)/po/.intltool-merge-cache $(top_srcdir)/po $< $@'
INTLTOOL_DESKTOP_RULE='%.desktop:   %.desktop.in   $(INTLTOOL_MERGE) $(wildcard $(top_srcdir)/po/*.po) ; $(INTLTOOL_V_MERGE)LC_ALL=C $(INTLTOOL_MERGE) $(INTLTOOL_V_MERGE_OPTIONS) -d -u -c $(top_builddir)/po/.intltool-merge-cache $(top_srcdir)/po $< $@'
INTLTOOL_DIRECTORY_RULE='%.directory: %.directory.in $(INTLTOOL_MERGE) $(wildcard $(top_srcdir)/po/*.po) ; $(INTLTOOL_V_MERGE)LC_ALL=C $(INTLTOOL_MERGE) $(INTLTOOL_V_MERGE_OPTIONS) -d -u -c $(top_builddir)/po/.intltool-merge-cache $(top_srcdir)/po $< $@'
INTLTOOL_EXTRACT='/usr/bin/intltool-extract'
INTLTOOL_KBD_RULE='%.kbd:       %.kbd.in       $(INTLTOOL_MERGE) $(wildcard $(top_srcdir)/po/*.po) ; $(INTLTOOL_V_MERGE)LC_ALL=C $(INTLTOOL_MERGE) $(INTLTOOL_V_MERGE_OPTIONS) -x -u -m -c $(top_builddir)/po/.intltool-merge-cache $(top_srcdir)/po $< $@'
INTLTOOL_KEYS_RULE='%.keys:      %.keys.in      $(INTLTOOL_MERGE) $(wildcard $(top_srcdir)/po/*.po) ; $(INTLTOOL_V_MERGE)LC_ALL=C $(INTLTOOL_MERGE) $(INTLTOOL_V_MERGE_OPTIONS) -k -u -c $(top_builddir)/po/.intltool-merge-cache $(top_srcdir)/po $< $@'
INTLTOOL_MERGE='/usr/bin/intltool-merge'
INTLTOOL_OAF_RULE='%.oaf:       %.oaf.in       $(INTLTOOL_MERGE) $(wildcard $(top_srcdir)/po/*.po) ; $(INTLTOOL_V_MERGE)LC_ALL=C $(INTLTOOL_MERGE) $(INTLTOOL_V_MERGE_OPTIONS) -o -p $(top_srcdir)/po $< $@'
INTLTOOL_PERL='/usr/bin/perl'
INTLTOOL_POLICY_RULE='%.policy:    %.policy.in    $(INTLTOOL_MERGE) $(wildcard $(top_srcdir)/po/*.po) ; $(INTLTOOL_V_MERGE)LC_ALL=C $(INTLTOOL_MERGE) $(INTLTOOL_V_MERGE_OPTIONS) -x -u -c $(top_builddir)/po/.intltool-merge-cache $(top_srcdir)/po $< $@'
INTLTOOL_PONG_RULE='%.pong:      %.pong.in      $(INTLTOOL_MERGE) $(wildcard $(top_srcdir)/po/*.po) ; $(INTLTOOL_V_MERGE)LC_ALL=C $(INTLTOOL_MERGE) $(INTLTOOL_V_MERGE_OPTIONS) -x -u -c $(top_builddir)/po/.intltool-merge-cache $(top_srcdir)/po $< $@'
INTLTOOL_PROP_RULE='%.prop:      %.prop.in      $(INTLTOOL_MERGE) $(wildcard $(top_srcdir)/po/*.po) ; $(INTLTOOL_V_MERGE)LC_ALL=C $(INTLTOOL_MERGE) $(INTLTOOL_V_MERGE_OPTIONS) -d -u -c $(top_builddir)/po/.intltool-merge-cache $(top_srcdir)/po $< $@'
INTLTOOL_SCHEMAS_RULE='%.schemas:   %.schemas.in   $(INTLTOOL_MERGE) $(wildcard $(top_srcdir)/po/*.po) ; $(INTLTOOL_V_MERGE)LC_ALL=C $(INTLTOOL_MERGE) $(INTLTOOL_V_MERGE_OPTIONS) -s -u -c $(top_builddir)/po/.intltool-merge-cache $(top_srcdir)/po $< $@'
INTLTOOL_SERVER_RULE='%.server:    %.server.in    $(INTLTOOL_MERGE) $(wildcard $(top_srcdir)/po/*.po) ; $(INTLTOOL_V_MERGE)LC_ALL=C $(INTLTOOL_MERGE) $(INTLTOOL_V_MERGE_OPTIONS) -o -u -c $(top_builddir)/po/.intltool-merge-cache $(top_srcdir)/po $< $@'
INTLTOOL_SERVICE_RULE='%.service: %.service.in   $(INTLTOOL_MERGE) $(wildcard $(top_srcdir)/po/*.po) ; $(INTLTOOL_V_MERGE)LC_ALL=C $(INTLTOOL_MERGE) $(INTLTOOL_V_MERGE_OPTIONS) -d -u -c $(top_builddir)/po/.intltool-merge-cache $(top_srcdir)/po $< $@'
INTLTOOL_SHEET_RULE='%.sheet:     %.sheet.in     $(INTLTOOL_MERGE) $(wildcard $(top_srcdir)/po/*.po) ; $(INTLTOOL_V_MERGE)LC_ALL=C $(INTLTOOL_MERGE) $(INTLTOOL_V_MERGE_OPTIONS) -x -u -c $(top_builddir)/po/.intltool-merge-cache $(top_srcdir)/po $< $@'
INTLTOOL_SOUNDLIST_RULE='%.soundlist: %.soundlist.in $(INTLTOOL_MERGE) $(wildcard $(top_srcdir)/po/*.po) ; $(INTLTOOL_V_MERGE)LC_ALL=C $(INTLTOOL_MERGE) $(INTLTOOL_V_MERGE_OPTIONS) -d -u -c $(top_builddir)/po/.intltool-merge-cache $(top_srcdir)/po $< $@'
INTLTOOL_THEME_RULE='%.theme:     %.theme.in     $(INTLTOOL_MERGE) $(wildcard $(top_srcdir)/po/*.po) ; $(INTLTOOL_V_MERGE)LC_ALL=C $(INTLTOOL_MERGE) $(INTLTOOL_V_MERGE_OPTIONS) -d -u -c $(top_builddir)/po/.intltool-merge-cache $(top_srcdir)/po $< $@'
INTLTOOL_UI_RULE='%.ui:        %.ui.in        $(INTLTOOL_MERGE) $(wildcard $(top_srcdir)/po/*.po) ; $(INTLTOOL_V_MERGE)LC_ALL=C $(INTLTOOL_MERGE) $(INTLTOOL_V_MERGE_OPTIONS) -x -u -c $(top_builddir)/po/.intltool-merge-cache $(top_srcdir)/po $< $@'
INTLTOOL_UPDATE='/usr/bin/intltool-update'
INTLTOOL_V_MERGE='$(INTLTOOL__v_MERGE_$(V))'
INTLTOOL_V_MERGE_OPTIONS='$(intltool__v_merge_options_$(V))'
INTLTOOL_XAM_RULE='%.xam:       %.xml.in       $(INTLTOOL_MERGE) $(wildcard $(top_srcdir)/po/*.po) ; $(INTLTOOL_V_MERGE)LC_ALL=C $(INTLTOOL_MERGE) $(INTLTOOL_V_MERGE_OPTIONS) -x -u -c $(top_builddir)/po/.intltool-merge-cache $(top_srcdir)/po $< $@'
INTLTOOL_XML_NOMERGE_RULE='%.xml:       %.xml.in       $(INTLTOOL_MERGE) ; $(INTLTOOL_V_MERGE)LC_ALL=C $(INTLTOOL_MERGE) $(INTLTOOL_V_MERGE_OPTIONS) -x -u --no-translations $< $@'
INTLTOOL_XML_RULE='%.xml:       %.xml.in       $(INTLTOOL_MERGE) $(wildcard $(top_srcdir)/po/*.po) ; $(INTLTOOL_V_MERGE)LC_ALL=C $(INTLTOOL_MERGE) $(INTLTOOL_V_MERGE_OPTIONS) -x -u -c $(top_builddir)/po/.intltool-merge-cache $(top_srcdir)/po $< $@'
INTLTOOL__v_MERGE_0='@echo "  ITMRG " $@;'
INTLTOOL__v_MERGE_='$(INTLTOOL__v_MERGE_$(AM_DEFAULT_VERBOSITY))'
LD='/usr/bin/ld -m elf_x86_64'
LDFLAGS=''
LIBOBJS=''
LIBS=''
LIBTOOL='$(SHELL) $(top_builddir)/libtool'
LIPO=''
LN_S='ln -s'
LTLIBOBJS=''
MAKEINFO='${SHELL} /home/aditya/development/training/try_grid/missing --run makeinfo'
MANIFEST_TOOL=':'
MKDIR_P='/bin/mkdir -p'
MKINSTALLDIRS='/home/aditya/development/training/try_grid/mkinstalldirs'
MSGFMT='/usr/bin/msgfmt'
MSGFMT_OPTS='-c'
MSGMERGE='/usr/bin/msgmerge'
NM='/usr/bin/nm -B'
NMEDIT=''
OBJDUMP='objdump'
OBJEXT='o'
OTOOL64=''
OTOOL=''
PACKAGE='try_grid'
PACKAGE_BUGREPORT=''
PACKAGE_NAME='try_grid'
PACKAGE_STRING='try_grid 0.1'
PACKAGE_TARNAME='try_grid'
PACKAGE_URL=''
PACKAGE_VERSION='0.1'
PATH_SEPARATOR=':'
PKG_CONFIG='/usr/bin/pkg-config'
PKG_CONFIG_LIBDIR=''
PKG_CONFIG_PATH=''
POFILES=''
POSUB='po'
PO_IN_DATADIR_FALSE=''
PO_IN_DATADIR_TRUE=''
RANLIB='ranlib'
SED='/bin/sed'
SET_MAKE=''
SHELL='/bin/bash'
STRIP='strip'
TRY_GRID_CFLAGS='-pthread -I/usr/include/gtk-3.0 -I/usr/include/atk-1.0 -I/usr/include/at-spi2-atk/2.0 -I/usr/include/pango-1.0 -I/usr/include/gio-unix-2.0/ -I/usr/include/cairo -I/usr/include/gdk-pixbuf-2.0 -I/usr/include/glib-2.0 -I/usr/lib/x86_64-linux-gnu/glib-2.0/include -I/usr/include/freetype2 -I/usr/include/pixman-1 -I/usr/include/libpng12  '
TRY_GRID_LIBS='-lgtk-3 -lgdk-3 -latk-1.0 -lgio-2.0 -lpangocairo-1.0 -lgdk_pixbuf-2.0 -lcairo-gobject -lpango-1.0 -lcairo -lgobject-2.0 -lglib-2.0  '
USE_NLS='yes'
VERSION='0.1'
XGETTEXT='/usr/bin/xgettext'
ac_ct_AR='ar'
ac_ct_CC='gcc'
ac_ct_DUMPBIN=''
am__EXEEXT_FALSE=''
am__EXEEXT_TRUE='#'
am__fastdepCC_FALSE='#'
am__fastdepCC_TRUE=''
am__include='include'
am__isrc=' -I$(srcdir)'
am__leading_dot='.'
am__nodep='_no'
am__quote=''
am__tar='$${TAR-tar} chof - "$$tardir"'
am__untar='$${TAR-tar} xf -'
bindir='${exec_prefix}/bin'
build='x86_64-unknown-linux-gnu'
build_alias=''
build_cpu='x86_64'
build_os='linux-gnu'
build_vendor='unknown'
datadir='${datarootdir}'
datarootdir='${prefix}/share'
docdir='${datarootdir}/doc/${PACKAGE_TARNAME}'
dvidir='${docdir}'
exec_prefix='${prefix}'
host='x86_64-unknown-linux-gnu'
host_alias=''
host_cpu='x86_64'
host_os='linux-gnu'
host_vendor='unknown'
htmldir='${docdir}'
includedir='${prefix}/include'
infodir='${datarootdir}/info'
install_sh='${SHELL} /home/aditya/development/training/try_grid/install-sh'
intltool__v_merge_options_0='-q'
intltool__v_merge_options_='$(intltool__v_merge_options_$(AM_DEFAULT_VERBOSITY))'
libdir='${exec_prefix}/lib'
libexecdir='${exec_prefix}/libexec'
localedir='${datarootdir}/locale'
localstatedir='${prefix}/var'
mandir='${datarootdir}/man'
mkdir_p='/bin/mkdir -p'
oldincludedir='/usr/include'
pdfdir='${docdir}'
prefix='/usr/local'
program_transform_name='s,x,x,'
psdir='${docdir}'
sbindir='${exec_prefix}/sbin'
sharedstatedir='${prefix}/com'
sysconfdir='${prefix}/etc'
target_alias=''

## ----------- ##
## confdefs.h. ##
## ----------- ##

/* confdefs.h */
#define PACKAGE_NAME "try_grid"
#define PACKAGE_TARNAME "try_grid"
#define PACKAGE_VERSION "0.1"
#define PACKAGE_STRING "try_grid 0.1"
#define PACKAGE_BUGREPORT ""
#define PACKAGE_URL ""
#define PACKAGE "try_grid"
#define VERSION "0.1"
#define GETTEXT_PACKAGE "try_grid"
#define STDC_HEADERS 1
#define HAVE_SYS_TYPES_H 1
#define HAVE_SYS_STAT_H 1
#define HAVE_STDLIB_H 1
#define HAVE_STRING_H 1
#define HAVE_MEMORY_H 1
#define HAVE_STRINGS_H 1
#define HAVE_INTTYPES_H 1
#define HAVE_STDINT_H 1
#define HAVE_UNISTD_H 1
#define HAVE_LOCALE_H 1
#define HAVE_LC_MESSAGES 1
#define HAVE_BIND_TEXTDOMAIN_CODESET 1
#define HAVE_GETTEXT 1
#define HAVE_DCGETTEXT 1
#define ENABLE_NLS 1
#define HAVE_DLFCN_H 1
#define LT_OBJDIR ".libs/"

configure: exit 0
